<?xml version="1.0" encoding="UTF-8"?>
<testng-results skipped="0" failed="1" total="4" passed="3">
  <reporter-output>
  </reporter-output>
  <suite name="CreateAccount" duration-ms="31284" started-at="2022-05-12T01:20:23Z" finished-at="2022-05-12T01:20:55Z">
    <groups>
    </groups>
    <test name="CreateAccountErrorMessageTest" duration-ms="31284" started-at="2022-05-12T01:20:23Z" finished-at="2022-05-12T01:20:55Z">
      <class name="com.lowes.test.createaccount.CreateAccountErrorMessageTest">
        <test-method status="PASS" signature="beforeSuite()[pri:0, instance:com.lowes.test.createaccount.CreateAccountErrorMessageTest@cc285f4]" name="beforeSuite" is-config="true" duration-ms="24" started-at="2022-05-11T21:20:23Z" finished-at="2022-05-11T21:20:23Z">
          <reporter-output>
          </reporter-output>
        </test-method> <!-- beforeSuite -->
        <test-method status="PASS" signature="beforeClass()[pri:0, instance:com.lowes.test.createaccount.CreateAccountErrorMessageTest@cc285f4]" name="beforeClass" is-config="true" duration-ms="10625" started-at="2022-05-11T21:20:23Z" finished-at="2022-05-11T21:20:34Z">
          <reporter-output>
          </reporter-output>
        </test-method> <!-- beforeClass -->
        <test-method status="FAIL" signature="missingEmailId()[pri:0, instance:com.lowes.test.createaccount.CreateAccountErrorMessageTest@cc285f4]" name="missingEmailId" duration-ms="2671" started-at="2022-05-11T21:20:34Z" finished-at="2022-05-11T21:20:37Z">
          <exception class="java.lang.AssertionError">
            <message>
              <![CDATA[expected [The password entry fields do not match. Please enter the same password in both fields and try again.] but found [A required field is missing. Please fill out all required fields and try again.]]]>
            </message>
            <full-stacktrace>
              <![CDATA[java.lang.AssertionError: expected [The password entry fields do not match. Please enter the same password in both fields and try again.] but found [A required field is missing. Please fill out all required fields and try again.]
	at org.testng.Assert.fail(Assert.java:94)
	at org.testng.Assert.failNotEquals(Assert.java:496)
	at org.testng.Assert.assertEquals(Assert.java:125)
	at org.testng.Assert.assertEquals(Assert.java:178)
	at org.testng.Assert.assertEquals(Assert.java:188)
	at com.lowes.test.createaccount.CreateAccountErrorMessageTest.missingEmailId(CreateAccountErrorMessageTest.java:32)
	at sun.reflect.NativeMethodAccessorImpl.invoke0(Native Method)
	at sun.reflect.NativeMethodAccessorImpl.invoke(Unknown Source)
	at sun.reflect.DelegatingMethodAccessorImpl.invoke(Unknown Source)
	at java.lang.reflect.Method.invoke(Unknown Source)
	at org.testng.internal.MethodInvocationHelper.invokeMethod(MethodInvocationHelper.java:85)
	at org.testng.internal.Invoker.invokeMethod(Invoker.java:639)
	at org.testng.internal.Invoker.invokeTestMethod(Invoker.java:816)
	at org.testng.internal.Invoker.invokeTestMethods(Invoker.java:1124)
	at org.testng.internal.TestMethodWorker.invokeTestMethods(TestMethodWorker.java:125)
	at org.testng.internal.TestMethodWorker.run(TestMethodWorker.java:108)
	at org.testng.TestRunner.privateRun(TestRunner.java:774)
	at org.testng.TestRunner.run(TestRunner.java:624)
	at org.testng.SuiteRunner.runTest(SuiteRunner.java:359)
	at org.testng.SuiteRunner.runSequentially(SuiteRunner.java:354)
	at org.testng.SuiteRunner.privateRun(SuiteRunner.java:312)
	at org.testng.SuiteRunner.run(SuiteRunner.java:261)
	at org.testng.SuiteRunnerWorker.runSuite(SuiteRunnerWorker.java:52)
	at org.testng.SuiteRunnerWorker.run(SuiteRunnerWorker.java:86)
	at org.testng.TestNG.runSuitesSequentially(TestNG.java:1215)
	at org.testng.TestNG.runSuitesLocally(TestNG.java:1140)
	at org.testng.TestNG.run(TestNG.java:1048)
	at org.testng.remote.AbstractRemoteTestNG.run(AbstractRemoteTestNG.java:132)
	at org.testng.remote.RemoteTestNG.initAndRun(RemoteTestNG.java:236)
	at org.testng.remote.RemoteTestNG.main(RemoteTestNG.java:81)
]]>
            </full-stacktrace>
          </exception> <!-- java.lang.AssertionError -->
          <reporter-output>
          </reporter-output>
        </test-method> <!-- missingEmailId -->
        <test-method status="PASS" signature="missingFirstName()[pri:1, instance:com.lowes.test.createaccount.CreateAccountErrorMessageTest@cc285f4]" name="missingFirstName" duration-ms="2246" started-at="2022-05-11T21:20:37Z" finished-at="2022-05-11T21:20:39Z">
          <reporter-output>
          </reporter-output>
        </test-method> <!-- missingFirstName -->
        <test-method status="PASS" signature="afterClass()[pri:0, instance:com.lowes.test.createaccount.CreateAccountErrorMessageTest@cc285f4]" name="afterClass" is-config="true" duration-ms="774" started-at="2022-05-11T21:20:39Z" finished-at="2022-05-11T21:20:40Z">
          <reporter-output>
          </reporter-output>
        </test-method> <!-- afterClass -->
        <test-method status="PASS" signature="afterSuite()[pri:0, instance:com.lowes.test.createaccount.CreateAccountErrorMessageTest@cc285f4]" name="afterSuite" is-config="true" duration-ms="1" started-at="2022-05-11T21:20:55Z" finished-at="2022-05-11T21:20:55Z">
          <reporter-output>
          </reporter-output>
        </test-method> <!-- afterSuite -->
      </class> <!-- com.lowes.test.createaccount.CreateAccountErrorMessageTest -->
      <class name="com.lowes.test.createaccount.CreateAccountErrorMessageTest2">
        <test-method status="PASS" signature="beforeClass()[pri:0, instance:com.lowes.test.createaccount.CreateAccountErrorMessageTest2@55f3ddb1]" name="beforeClass" is-config="true" duration-ms="9372" started-at="2022-05-11T21:20:40Z" finished-at="2022-05-11T21:20:49Z">
          <reporter-output>
          </reporter-output>
        </test-method> <!-- beforeClass -->
        <test-method status="PASS" signature="missingRequiredField(java.lang.String, java.lang.String, java.lang.String, java.lang.String, java.lang.String, java.lang.String, java.lang.String)[pri:0, instance:com.lowes.test.createaccount.CreateAccountErrorMessageTest2@55f3ddb1]" name="missingRequiredField" duration-ms="2827" started-at="2022-05-11T21:20:49Z" data-provider="CreateAccountErrorMessageDataProvider" finished-at="2022-05-11T21:20:52Z">
          <params>
            <param index="0">
              <value>
                <![CDATA[]]>
              </value>
            </param>
            <param index="1">
              <value>
                <![CDATA[Summer69!]]>
              </value>
            </param>
            <param index="2">
              <value>
                <![CDATA[Summer69!]]>
              </value>
            </param>
            <param index="3">
              <value>
                <![CDATA[Sachin]]>
              </value>
            </param>
            <param index="4">
              <value>
                <![CDATA[Tendulkar]]>
              </value>
            </param>
            <param index="5">
              <value>
                <![CDATA[M1A2P7]]>
              </value>
            </param>
            <param index="6">
              <value>
                <![CDATA[A required field is missing. Please fill out all required fields and try again.]]>
              </value>
            </param>
          </params>
          <reporter-output>
          </reporter-output>
        </test-method> <!-- missingRequiredField -->
        <test-method status="PASS" signature="missingRequiredField(java.lang.String, java.lang.String, java.lang.String, java.lang.String, java.lang.String, java.lang.String, java.lang.String)[pri:0, instance:com.lowes.test.createaccount.CreateAccountErrorMessageTest2@55f3ddb1]" name="missingRequiredField" duration-ms="1917" started-at="2022-05-11T21:20:52Z" data-provider="CreateAccountErrorMessageDataProvider" finished-at="2022-05-11T21:20:54Z">
          <params>
            <param index="0">
              <value>
                <![CDATA[abc@gmail.com]]>
              </value>
            </param>
            <param index="1">
              <value>
                <![CDATA[Summer69!]]>
              </value>
            </param>
            <param index="2">
              <value>
                <![CDATA[Summer69!]]>
              </value>
            </param>
            <param index="3">
              <value>
                <![CDATA[]]>
              </value>
            </param>
            <param index="4">
              <value>
                <![CDATA[Tendulkar]]>
              </value>
            </param>
            <param index="5">
              <value>
                <![CDATA[M1A2P7]]>
              </value>
            </param>
            <param index="6">
              <value>
                <![CDATA[A required field is missing. Please fill out all required fields and try again.]]>
              </value>
            </param>
          </params>
          <reporter-output>
          </reporter-output>
        </test-method> <!-- missingRequiredField -->
        <test-method status="PASS" signature="afterClass()[pri:0, instance:com.lowes.test.createaccount.CreateAccountErrorMessageTest2@55f3ddb1]" name="afterClass" is-config="true" duration-ms="787" started-at="2022-05-11T21:20:54Z" finished-at="2022-05-11T21:20:55Z">
          <reporter-output>
          </reporter-output>
        </test-method> <!-- afterClass -->
      </class> <!-- com.lowes.test.createaccount.CreateAccountErrorMessageTest2 -->
    </test> <!-- CreateAccountErrorMessageTest -->
  </suite> <!-- CreateAccount -->
</testng-results>
