<html>
<head>
<title>TestNG:  CreateAccountErrorMessageTest</title>
<link href="../testng.css" rel="stylesheet" type="text/css" />
<link href="../my-testng.css" rel="stylesheet" type="text/css" />

<style type="text/css">
.log { display: none;} 
.stack-trace { display: none;} 
</style>
<script type="text/javascript">
<!--
function flip(e) {
  current = e.style.display;
  if (current == 'block') {
    e.style.display = 'none';
    return 0;
  }
  else {
    e.style.display = 'block';
    return 1;
  }
}

function toggleBox(szDivId, elem, msg1, msg2)
{
  var res = -1;  if (document.getElementById) {
    res = flip(document.getElementById(szDivId));
  }
  else if (document.all) {
    // this is the way old msie versions work
    res = flip(document.all[szDivId]);
  }
  if(elem) {
    if(res == 0) elem.innerHTML = msg1; else elem.innerHTML = msg2;
  }

}

function toggleAllBoxes() {
  if (document.getElementsByTagName) {
    d = document.getElementsByTagName('div');
    for (i = 0; i < d.length; i++) {
      if (d[i].className == 'log') {
        flip(d[i]);
      }
    }
  }
}

// -->
</script>

</head>
<body>
<h2 align='center'>CreateAccountErrorMessageTest</h2><table border='1' align="center">
<tr>
<td>Tests passed/Failed/Skipped:</td><td>3/1/0</td>
</tr><tr>
<td>Started on:</td><td>Wed May 11 21:20:23 EDT 2022</td>
</tr>
<tr><td>Total time:</td><td>31 seconds (31284 ms)</td>
</tr><tr>
<td>Included groups:</td><td></td>
</tr><tr>
<td>Excluded groups:</td><td></td>
</tr>
</table><p/>
<small><i>(Hover the method name to see the test class name)</i></small><p/>
<table width='100%' border='1' class='invocation-failed'>
<tr><td colspan='4' align='center'><b>FAILED TESTS</b></td></tr>
<tr><td><b>Test method</b></td>
<td width="30%"><b>Exception</b></td>
<td width="10%"><b>Time (seconds)</b></td>
<td><b>Instance</b></td>
</tr>
<tr>
<td title='com.lowes.test.createaccount.CreateAccountErrorMessageTest.missingEmailId()'><b>missingEmailId</b><br>Test class: com.lowes.test.createaccount.CreateAccountErrorMessageTest</td>
<td><div><pre>java.lang.AssertionError: expected [The password entry fields do not match. Please enter the same password in both fields and try again.] but found [A required field is missing. Please fill out all required fields and try again.]
	at com.lowes.test.createaccount.CreateAccountErrorMessageTest.missingEmailId(CreateAccountErrorMessageTest.java:32)
... Removed 29 stack frames</pre></div><a href='#' onClick='toggleBox("stack-trace1715248762", this, "Click to show all stack frames", "Click to hide stack frames")'>Click to show all stack frames</a>
<div class='stack-trace' id='stack-trace1715248762'><pre>java.lang.AssertionError: expected [The password entry fields do not match. Please enter the same password in both fields and try again.] but found [A required field is missing. Please fill out all required fields and try again.]
	at org.testng.Assert.fail(Assert.java:94)
	at org.testng.Assert.failNotEquals(Assert.java:496)
	at org.testng.Assert.assertEquals(Assert.java:125)
	at org.testng.Assert.assertEquals(Assert.java:178)
	at org.testng.Assert.assertEquals(Assert.java:188)
	at com.lowes.test.createaccount.CreateAccountErrorMessageTest.missingEmailId(CreateAccountErrorMessageTest.java:32)
	at sun.reflect.NativeMethodAccessorImpl.invoke0(Native Method)
	at sun.reflect.NativeMethodAccessorImpl.invoke(Unknown Source)
	at sun.reflect.DelegatingMethodAccessorImpl.invoke(Unknown Source)
	at java.lang.reflect.Method.invoke(Unknown Source)
	at org.testng.internal.MethodInvocationHelper.invokeMethod(MethodInvocationHelper.java:85)
	at org.testng.internal.Invoker.invokeMethod(Invoker.java:639)
	at org.testng.internal.Invoker.invokeTestMethod(Invoker.java:816)
	at org.testng.internal.Invoker.invokeTestMethods(Invoker.java:1124)
	at org.testng.internal.TestMethodWorker.invokeTestMethods(TestMethodWorker.java:125)
	at org.testng.internal.TestMethodWorker.run(TestMethodWorker.java:108)
	at org.testng.TestRunner.privateRun(TestRunner.java:774)
	at org.testng.TestRunner.run(TestRunner.java:624)
	at org.testng.SuiteRunner.runTest(SuiteRunner.java:359)
	at org.testng.SuiteRunner.runSequentially(SuiteRunner.java:354)
	at org.testng.SuiteRunner.privateRun(SuiteRunner.java:312)
	at org.testng.SuiteRunner.run(SuiteRunner.java:261)
	at org.testng.SuiteRunnerWorker.runSuite(SuiteRunnerWorker.java:52)
	at org.testng.SuiteRunnerWorker.run(SuiteRunnerWorker.java:86)
	at org.testng.TestNG.runSuitesSequentially(TestNG.java:1215)
	at org.testng.TestNG.runSuitesLocally(TestNG.java:1140)
	at org.testng.TestNG.run(TestNG.java:1048)
	at org.testng.remote.AbstractRemoteTestNG.run(AbstractRemoteTestNG.java:132)
	at org.testng.remote.RemoteTestNG.initAndRun(RemoteTestNG.java:236)
	at org.testng.remote.RemoteTestNG.main(RemoteTestNG.java:81)
</pre></div></td>
<td>2</td>
<td>com.lowes.test.createaccount.CreateAccountErrorMessageTest@cc285f4</td></tr>
</table><p>
<table width='100%' border='1' class='invocation-passed'>
<tr><td colspan='4' align='center'><b>PASSED TESTS</b></td></tr>
<tr><td><b>Test method</b></td>
<td width="30%"><b>Exception</b></td>
<td width="10%"><b>Time (seconds)</b></td>
<td><b>Instance</b></td>
</tr>
<tr>
<td title='com.lowes.test.createaccount.CreateAccountErrorMessageTest.missingFirstName()'><b>missingFirstName</b><br>Test class: com.lowes.test.createaccount.CreateAccountErrorMessageTest</td>
<td></td>
<td>2</td>
<td>com.lowes.test.createaccount.CreateAccountErrorMessageTest@cc285f4</td></tr>
<tr>
<td title='com.lowes.test.createaccount.CreateAccountErrorMessageTest2.missingRequiredField()'><b>missingRequiredField</b><br>Test class: com.lowes.test.createaccount.CreateAccountErrorMessageTest2<br>Parameters: , Summer69!, Summer69!, Sachin, Tendulkar, M1A2P7, A required field is missing. Please fill out all required fields and try again.</td>
<td></td>
<td>2</td>
<td>com.lowes.test.createaccount.CreateAccountErrorMessageTest2@55f3ddb1</td></tr>
<tr>
<td title='com.lowes.test.createaccount.CreateAccountErrorMessageTest2.missingRequiredField()'><b>missingRequiredField</b><br>Test class: com.lowes.test.createaccount.CreateAccountErrorMessageTest2<br>Parameters: abc@gmail.com, Summer69!, Summer69!, , Tendulkar, M1A2P7, A required field is missing. Please fill out all required fields and try again.</td>
<td></td>
<td>1</td>
<td>com.lowes.test.createaccount.CreateAccountErrorMessageTest2@55f3ddb1</td></tr>
</table><p>
</body>
</html>