<?xml version="1.0" encoding="UTF-8"?>
<!-- Generated by org.testng.reporters.JUnitXMLReporter -->
<testsuite hostname="DESKTOP-6KQKOPN" name="CreateAccountErrorMessageTest" tests="4" failures="1" timestamp="12 May 2022 01:20:55 GMT" time="31.284" errors="0">
  <testcase name="missingEmailId" time="2.671" classname="com.lowes.test.createaccount.CreateAccountErrorMessageTest">
    <failure type="java.lang.AssertionError" message="expected [The password entry fields do not match. Please enter the same password in both fields and try again.] but found [A required field is missing. Please fill out all required fields and try again.]">
      <![CDATA[java.lang.AssertionError: expected [The password entry fields do not match. Please enter the same password in both fields and try again.] but found [A required field is missing. Please fill out all required fields and try again.]
	at com.lowes.test.createaccount.CreateAccountErrorMessageTest.missingEmailId(CreateAccountErrorMessageTest.java:32)
... Removed 29 stack frames]]>
    </failure>
  </testcase> <!-- missingEmailId -->
  <testcase name="missingFirstName" time="2.246" classname="com.lowes.test.createaccount.CreateAccountErrorMessageTest"/>
  <testcase name="missingRequiredField" time="2.827" classname="com.lowes.test.createaccount.CreateAccountErrorMessageTest2"/>
  <testcase name="missingRequiredField" time="1.917" classname="com.lowes.test.createaccount.CreateAccountErrorMessageTest2"/>
</testsuite> <!-- CreateAccountErrorMessageTest -->
